app/build/outputs/logs/manifest-merger-debug-report.txt
-- Merging decision tree log ---
manifest
ADDED from src\main\AndroidManifest.xml:1:1-122:12
	package
		ADDED from src\main\AndroidManifest.xml:2:5-34
		INJECTED from src\main\AndroidManifest.xml
		INJECTED from src\main\AndroidManifest.xml
	android:versionName
		ADDED from src\main\AndroidManifest.xml:4:5-30
		INJECTED from src\main\AndroidManifest.xml
		INJECTED from src\main\AndroidManifest.xml
	android:versionCode
		ADDED from src\main\AndroidManifest.xml:3:5-28
		INJECTED from src\main\AndroidManifest.xml
		INJECTED from src\main\AndroidManifest.xml
	xmlns:android
		ADDED from src\main\AndroidManifest.xml:1:11-69
uses-sdk
ADDED from src\main\AndroidManifest.xml:6:5-8:41
	android:targetSdkVersion
		ADDED from src\main\AndroidManifest.xml:8:9-38
		INJECTED from src\main\AndroidManifest.xml
		INJECTED from src\main\AndroidManifest.xml
	android:minSdkVersion
		ADDED from src\main\AndroidManifest.xml:7:9-34
		INJECTED from src\main\AndroidManifest.xml
		INJECTED from src\main\AndroidManifest.xml
uses-permission#android.permission.ACCESS_NETWORK_STATE
ADDED from src\main\AndroidManifest.xml:10:5-79
	android:name
		ADDED from src\main\AndroidManifest.xml:10:22-76
uses-permission#android.permission.ACCESS_WIFI_STATE
ADDED from src\main\AndroidManifest.xml:11:5-76
	android:name
		ADDED from src\main\AndroidManifest.xml:11:22-73
uses-permission#android.permission.READ_PHONE_STATE
ADDED from src\main\AndroidManifest.xml:12:5-75
	android:name
		ADDED from src\main\AndroidManifest.xml:12:22-72
uses-permission#android.permission.WRITE_EXTERNAL_STORAGE
ADDED from src\main\AndroidManifest.xml:13:5-81
	android:name
		ADDED from src\main\AndroidManifest.xml:13:22-78
uses-permission#android.permission.INTERNET
ADDED from src\main\AndroidManifest.xml:14:5-67
	android:name
		ADDED from src\main\AndroidManifest.xml:14:22-64
uses-permission#android.permission.READ_LOGS
ADDED from src\main\AndroidManifest.xml:15:5-68
	android:name
		ADDED from src\main\AndroidManifest.xml:15:22-65
uses-permission#android.permission.CALL_PHONE
ADDED from src\main\AndroidManifest.xml:16:5-69
	android:name
		ADDED from src\main\AndroidManifest.xml:16:22-66
uses-permission#android.permission.ACCESS_FINE_LOCATION
ADDED from src\main\AndroidManifest.xml:17:5-79
	android:name
		ADDED from src\main\AndroidManifest.xml:17:22-76
uses-permission#android.permission.ACCESS_COARSE_LOCATION
ADDED from src\main\AndroidManifest.xml:18:5-81
	android:name
		ADDED from src\main\AndroidManifest.xml:18:22-78
uses-permission#android.permission.GET_TASKS
ADDED from src\main\AndroidManifest.xml:21:5-68
	android:name
		ADDED from src\main\AndroidManifest.xml:21:22-65
uses-permission#android.permission.SET_DEBUG_APP
ADDED from src\main\AndroidManifest.xml:22:5-72
	android:name
		ADDED from src\main\AndroidManifest.xml:22:22-69
uses-permission#android.permission.SYSTEM_ALERT_WINDOW
ADDED from src\main\AndroidManifest.xml:23:5-78
	android:name
		ADDED from src\main\AndroidManifest.xml:23:22-75
uses-permission#android.permission.GET_ACCOUNTS
ADDED from src\main\AndroidManifest.xml:24:5-71
	android:name
		ADDED from src\main\AndroidManifest.xml:24:22-68
uses-permission#android.permission.USE_CREDENTIALS
ADDED from src\main\AndroidManifest.xml:25:5-74
	android:name
		ADDED from src\main\AndroidManifest.xml:25:22-71
uses-permission#android.permission.MANAGE_ACCOUNTS
ADDED from src\main\AndroidManifest.xml:26:5-74
	android:name
		ADDED from src\main\AndroidManifest.xml:26:22-71
application
ADDED from src\main\AndroidManifest.xml:28:5-120:19
	android:label
		ADDED from src\main\AndroidManifest.xml:31:9-41
	android:allowBackup
		ADDED from src\main\AndroidManifest.xml:29:9-35
	android:icon
		ADDED from src\main\AndroidManifest.xml:30:9-45
	android:theme
		ADDED from src\main\AndroidManifest.xml:32:9-40
activity#com.umeng.soexample.activity.LoginActivity
ADDED from src\main\AndroidManifest.xml:33:9-41:20
	android:configChanges
		ADDED from src\main\AndroidManifest.xml:35:13-57
	android:name
		ADDED from src\main\AndroidManifest.xml:34:13-70
intent-filter#android.intent.action.MAIN+android.intent.category.LAUNCHER
ADDED from src\main\AndroidManifest.xml:36:13-40:29
action#android.intent.action.MAIN
ADDED from src\main\AndroidManifest.xml:37:17-69
	android:name
		ADDED from src\main\AndroidManifest.xml:37:25-66
category#android.intent.category.LAUNCHER
ADDED from src\main\AndroidManifest.xml:39:17-77
	android:name
		ADDED from src\main\AndroidManifest.xml:39:27-74
meta-data#UMENG_APPKEY
ADDED from src\main\AndroidManifest.xml:43:9-46:21
	android:value
		ADDED from src\main\AndroidManifest.xml:45:13-53
	android:name
		ADDED from src\main\AndroidManifest.xml:44:13-40
activity#com.umeng.socialize.view.ShareActivity
ADDED from src\main\AndroidManifest.xml:53:9-60:20
	android:launchMode
		ADDED from src\main\AndroidManifest.xml:56:13-44
	android:noHistory
		ADDED from src\main\AndroidManifest.xml:57:13-37
	android:windowSoftInputMode
		ADDED from src\main\AndroidManifest.xml:59:13-68
	android:configChanges
		ADDED from src\main\AndroidManifest.xml:55:13-57
	android:theme
		ADDED from src\main\AndroidManifest.xml:58:13-50
	android:name
		ADDED from src\main\AndroidManifest.xml:54:13-66
activity#com.tencent.tauth.AuthActivity
ADDED from src\main\AndroidManifest.xml:63:9-75:20
	android:launchMode
		ADDED from src\main\AndroidManifest.xml:65:13-44
	android:noHistory
		ADDED from src\main\AndroidManifest.xml:66:13-37
	android:name
		ADDED from src\main\AndroidManifest.xml:64:13-58
intent-filter#android.intent.action.VIEW+android.intent.category.BROWSABLE+android.intent.category.DEFAULT
ADDED from src\main\AndroidManifest.xml:67:13-74:29
action#android.intent.action.VIEW
ADDED from src\main\AndroidManifest.xml:68:17-69
	android:name
		ADDED from src\main\AndroidManifest.xml:68:25-66
category#android.intent.category.DEFAULT
ADDED from src\main\AndroidManifest.xml:70:17-76
	android:name
		ADDED from src\main\AndroidManifest.xml:70:27-73
category#android.intent.category.BROWSABLE
ADDED from src\main\AndroidManifest.xml:71:17-78
	android:name
		ADDED from src\main\AndroidManifest.xml:71:27-75
data
ADDED from src\main\AndroidManifest.xml:73:17-59
	android:scheme
		ADDED from src\main\AndroidManifest.xml:73:23-56
activity#com.tencent.connect.common.AssistActivity
ADDED from src\main\AndroidManifest.xml:76:9-79:75
	android:screenOrientation
		ADDED from src\main\AndroidManifest.xml:78:13-49
	android:theme
		ADDED from src\main\AndroidManifest.xml:79:13-72
	android:name
		ADDED from src\main\AndroidManifest.xml:77:13-69
activity#com.umeng.soexample.wxapi.WXEntryActivity
ADDED from src\main\AndroidManifest.xml:82:9-87:75
	android:screenOrientation
		ADDED from src\main\AndroidManifest.xml:86:13-49
	android:exported
		ADDED from src\main\AndroidManifest.xml:85:13-36
	android:configChanges
		ADDED from src\main\AndroidManifest.xml:84:13-74
	android:theme
		ADDED from src\main\AndroidManifest.xml:87:13-72
	android:name
		ADDED from src\main\AndroidManifest.xml:83:13-50
activity#com.umeng.soexample.yxapi.YXEntryActivity
ADDED from src\main\AndroidManifest.xml:90:9-95:75
	android:screenOrientation
		ADDED from src\main\AndroidManifest.xml:94:13-49
	android:exported
		ADDED from src\main\AndroidManifest.xml:93:13-36
	android:configChanges
		ADDED from src\main\AndroidManifest.xml:92:13-74
	android:theme
		ADDED from src\main\AndroidManifest.xml:95:13-72
	android:name
		ADDED from src\main\AndroidManifest.xml:91:13-50
activity#com.renn.rennsdk.oauth.OAuthActivity
ADDED from src\main\AndroidManifest.xml:98:9-100:77
	android:configChanges
		ADDED from src\main\AndroidManifest.xml:100:13-74
	android:name
		ADDED from src\main\AndroidManifest.xml:99:13-64
activity#com.umeng.soexample.activity.FacebookActivity
ADDED from src\main\AndroidManifest.xml:103:9-104:20
	android:name
		ADDED from src\main\AndroidManifest.xml:103:19-60
activity#com.facebook.LoginActivity
ADDED from src\main\AndroidManifest.xml:105:9-108:75
	android:label
		ADDED from src\main\AndroidManifest.xml:107:13-45
	android:theme
		ADDED from src\main\AndroidManifest.xml:108:13-72
	android:name
		ADDED from src\main\AndroidManifest.xml:106:13-54
meta-data#UMENG_CHANNEL
ADDED from src\main\AndroidManifest.xml:111:8-114:21
	android:value
		ADDED from src\main\AndroidManifest.xml:113:13-34
	android:name
		ADDED from src\main\AndroidManifest.xml:112:13-41
uses-library#com.google.android.maps
ADDED from src\main\AndroidManifest.xml:116:9-118:40
	android:required
		ADDED from src\main\AndroidManifest.xml:118:13-37
	android:name
		ADDED from src\main\AndroidManifest.xml:117:13-51
uses-library#android.test.runner
ADDED from src\main\AndroidManifest.xml:119:9-60
	android:name
		ADDED from src\main\AndroidManifest.xml:119:23-57